c:\users\ufukt\source\repos\physically-based-rendering\debugtinyxmlstl\tinyxmlstl.bsc
c:\users\ufukt\source\repos\physically-based-rendering\debugtinyxmlstl\tinyxmlstl.pdb
c:\users\ufukt\source\repos\physically-based-rendering\debugtinyxmlstl\tinyxmlstl.idb
c:\users\ufukt\source\repos\physically-based-rendering\debugtinyxmlstl\tinyxmlparser.sbr
c:\users\ufukt\source\repos\physically-based-rendering\debugtinyxmlstl\tinyxmlerror.sbr
c:\users\ufukt\source\repos\physically-based-rendering\debugtinyxmlstl\tinyxml.sbr
c:\users\ufukt\source\repos\physically-based-rendering\debugtinyxmlstl\tinystr.sbr
c:\users\ufukt\source\repos\physically-based-rendering\debugtinyxmlstl\tinystr.obj
c:\users\ufukt\source\repos\physically-based-rendering\debugtinyxmlstl\tinyxml.obj
c:\users\ufukt\source\repos\physically-based-rendering\debugtinyxmlstl\tinyxmlerror.obj
c:\users\ufukt\source\repos\physically-based-rendering\debugtinyxmlstl\tinyxmlparser.obj
c:\users\ufukt\source\repos\physically-based-rendering\debugtinyxmlstl\tinyxmlstl.lib
c:\users\ufukt\source\repos\physically-based-rendering\debugtinyxmlstl\tinyxmlstl.vcxproj.filelistabsolute.txt
c:\users\ufukt\source\repos\physically-based-rendering\debugtinyxmlstl\tinyxmlstl.tlog\bscmake.command.1.tlog
c:\users\ufukt\source\repos\physically-based-rendering\debugtinyxmlstl\tinyxmlstl.tlog\bscmake.read.1.tlog
c:\users\ufukt\source\repos\physically-based-rendering\debugtinyxmlstl\tinyxmlstl.tlog\bscmake.write.1.tlog
c:\users\ufukt\source\repos\physically-based-rendering\debugtinyxmlstl\tinyxmlstl.tlog\cl.command.1.tlog
c:\users\ufukt\source\repos\physically-based-rendering\debugtinyxmlstl\tinyxmlstl.tlog\cl.items.tlog
c:\users\ufukt\source\repos\physically-based-rendering\debugtinyxmlstl\tinyxmlstl.tlog\cl.read.1.tlog
c:\users\ufukt\source\repos\physically-based-rendering\debugtinyxmlstl\tinyxmlstl.tlog\cl.write.1.tlog
c:\users\ufukt\source\repos\physically-based-rendering\debugtinyxmlstl\tinyxmlstl.tlog\lib-link.write.1.tlog
c:\users\ufukt\source\repos\physically-based-rendering\debugtinyxmlstl\tinyxmlstl.tlog\lib.command.1.tlog
c:\users\ufukt\source\repos\physically-based-rendering\debugtinyxmlstl\tinyxmlstl.tlog\lib.read.1.tlog
