c:\users\ufukt\source\repos\physically-based-rendering\renderer\release\renderer.pdb
c:\users\ufukt\source\repos\physically-based-rendering\renderer\release\vector3.obj
c:\users\ufukt\source\repos\physically-based-rendering\renderer\release\texture.obj
c:\users\ufukt\source\repos\physically-based-rendering\renderer\release\shape.obj
c:\users\ufukt\source\repos\physically-based-rendering\renderer\release\scene.obj
c:\users\ufukt\source\repos\physically-based-rendering\renderer\release\sampler.obj
c:\users\ufukt\source\repos\physically-based-rendering\renderer\release\ray.obj
c:\users\ufukt\source\repos\physically-based-rendering\renderer\release\primitive.obj
c:\users\ufukt\source\repos\physically-based-rendering\renderer\release\point3.obj
c:\users\ufukt\source\repos\physically-based-rendering\renderer\release\octree.obj
c:\users\ufukt\source\repos\physically-based-rendering\renderer\release\normal3.obj
c:\users\ufukt\source\repos\physically-based-rendering\renderer\release\matrix.obj
c:\users\ufukt\source\repos\physically-based-rendering\renderer\release\material.obj
c:\users\ufukt\source\repos\physically-based-rendering\renderer\release\light.obj
c:\users\ufukt\source\repos\physically-based-rendering\renderer\release\kdtree.obj
c:\users\ufukt\source\repos\physically-based-rendering\renderer\release\integrator.obj
c:\users\ufukt\source\repos\physically-based-rendering\renderer\release\film.obj
c:\users\ufukt\source\repos\physically-based-rendering\renderer\release\camera.obj
c:\users\ufukt\source\repos\physically-based-rendering\renderer\release\renderer.lib
c:\users\ufukt\source\repos\physically-based-rendering\renderer\release\renderer.tlog\cl.command.1.tlog
c:\users\ufukt\source\repos\physically-based-rendering\renderer\release\renderer.tlog\cl.items.tlog
c:\users\ufukt\source\repos\physically-based-rendering\renderer\release\renderer.tlog\cl.read.1.tlog
c:\users\ufukt\source\repos\physically-based-rendering\renderer\release\renderer.tlog\cl.write.1.tlog
c:\users\ufukt\source\repos\physically-based-rendering\renderer\release\renderer.tlog\lib-link.write.1.tlog
c:\users\ufukt\source\repos\physically-based-rendering\renderer\release\renderer.tlog\lib.command.1.tlog
c:\users\ufukt\source\repos\physically-based-rendering\renderer\release\renderer.tlog\lib.read.1.tlog
