c:\users\ufukt\source\repos\physically-based-rendering\releasetinyxmlstl\tinyxmlstl.bsc
c:\users\ufukt\source\repos\physically-based-rendering\releasetinyxmlstl\tinyxmlstl.pdb
c:\users\ufukt\source\repos\physically-based-rendering\releasetinyxmlstl\tinystr.sbr
c:\users\ufukt\source\repos\physically-based-rendering\releasetinyxmlstl\tinyxml.sbr
c:\users\ufukt\source\repos\physically-based-rendering\releasetinyxmlstl\tinyxmlerror.sbr
c:\users\ufukt\source\repos\physically-based-rendering\releasetinyxmlstl\tinyxmlparser.sbr
c:\users\ufukt\source\repos\physically-based-rendering\releasetinyxmlstl\tinyxmlparser.obj
c:\users\ufukt\source\repos\physically-based-rendering\releasetinyxmlstl\tinyxmlerror.obj
c:\users\ufukt\source\repos\physically-based-rendering\releasetinyxmlstl\tinyxml.obj
c:\users\ufukt\source\repos\physically-based-rendering\releasetinyxmlstl\tinystr.obj
c:\users\ufukt\source\repos\physically-based-rendering\releasetinyxmlstl\tinyxmlstl.lib
c:\users\ufukt\source\repos\physically-based-rendering\releasetinyxmlstl\tinyxmlstl.vcxproj.filelistabsolute.txt
c:\users\ufukt\source\repos\physically-based-rendering\releasetinyxmlstl\tinyxmlstl.tlog\bscmake.command.1.tlog
c:\users\ufukt\source\repos\physically-based-rendering\releasetinyxmlstl\tinyxmlstl.tlog\bscmake.read.1.tlog
c:\users\ufukt\source\repos\physically-based-rendering\releasetinyxmlstl\tinyxmlstl.tlog\bscmake.write.1.tlog
c:\users\ufukt\source\repos\physically-based-rendering\releasetinyxmlstl\tinyxmlstl.tlog\cl.command.1.tlog
c:\users\ufukt\source\repos\physically-based-rendering\releasetinyxmlstl\tinyxmlstl.tlog\cl.items.tlog
c:\users\ufukt\source\repos\physically-based-rendering\releasetinyxmlstl\tinyxmlstl.tlog\cl.read.1.tlog
c:\users\ufukt\source\repos\physically-based-rendering\releasetinyxmlstl\tinyxmlstl.tlog\cl.write.1.tlog
c:\users\ufukt\source\repos\physically-based-rendering\releasetinyxmlstl\tinyxmlstl.tlog\lib-link.write.1.tlog
c:\users\ufukt\source\repos\physically-based-rendering\releasetinyxmlstl\tinyxmlstl.tlog\lib.command.1.tlog
c:\users\ufukt\source\repos\physically-based-rendering\releasetinyxmlstl\tinyxmlstl.tlog\lib.read.1.tlog
