c:\users\ufukt\source\repos\physically-based-rendering\renderer\debug\renderer.pdb
c:\users\ufukt\source\repos\physically-based-rendering\renderer\debug\renderer.idb
c:\users\ufukt\source\repos\physically-based-rendering\renderer\debug\camera.obj
c:\users\ufukt\source\repos\physically-based-rendering\renderer\debug\film.obj
c:\users\ufukt\source\repos\physically-based-rendering\renderer\debug\integrator.obj
c:\users\ufukt\source\repos\physically-based-rendering\renderer\debug\kdtree.obj
c:\users\ufukt\source\repos\physically-based-rendering\renderer\debug\light.obj
c:\users\ufukt\source\repos\physically-based-rendering\renderer\debug\material.obj
c:\users\ufukt\source\repos\physically-based-rendering\renderer\debug\matrix.obj
c:\users\ufukt\source\repos\physically-based-rendering\renderer\debug\normal3.obj
c:\users\ufukt\source\repos\physically-based-rendering\renderer\debug\octree.obj
c:\users\ufukt\source\repos\physically-based-rendering\renderer\debug\point3.obj
c:\users\ufukt\source\repos\physically-based-rendering\renderer\debug\primitive.obj
c:\users\ufukt\source\repos\physically-based-rendering\renderer\debug\ray.obj
c:\users\ufukt\source\repos\physically-based-rendering\renderer\debug\sampler.obj
c:\users\ufukt\source\repos\physically-based-rendering\renderer\debug\scene.obj
c:\users\ufukt\source\repos\physically-based-rendering\renderer\debug\shape.obj
c:\users\ufukt\source\repos\physically-based-rendering\renderer\debug\texture.obj
c:\users\ufukt\source\repos\physically-based-rendering\renderer\debug\vector3.obj
c:\users\ufukt\source\repos\physically-based-rendering\renderer\debug\renderer.lib
c:\users\ufukt\source\repos\physically-based-rendering\renderer\debug\renderer.tlog\cl.command.1.tlog
c:\users\ufukt\source\repos\physically-based-rendering\renderer\debug\renderer.tlog\cl.items.tlog
c:\users\ufukt\source\repos\physically-based-rendering\renderer\debug\renderer.tlog\cl.read.1.tlog
c:\users\ufukt\source\repos\physically-based-rendering\renderer\debug\renderer.tlog\cl.write.1.tlog
c:\users\ufukt\source\repos\physically-based-rendering\renderer\debug\renderer.tlog\lib-link.write.1.tlog
c:\users\ufukt\source\repos\physically-based-rendering\renderer\debug\renderer.tlog\lib.command.1.tlog
c:\users\ufukt\source\repos\physically-based-rendering\renderer\debug\renderer.tlog\lib.read.1.tlog
