cl : command line  warning D9035: option 'Gm' has been deprecated and will be removed in a future release
  tinyxmlparser.cpp
  tinyxmlerror.cpp
  main.cpp
C:\Users\ufukt\source\repos\physically-based-rendering\renderer\sampler.h(18,38): warning C4244: 'initializing': conversion from 'double' to 'unsigned int', possible loss of data
  (compiling source file 'main.cpp')
  
C:\Users\ufukt\source\repos\physically-based-rendering\renderer\sampler.h(21,41): warning C4244: 'initializing': conversion from 'double' to 'unsigned int', possible loss of data
  (compiling source file 'main.cpp')
  
C:\Users\ufukt\source\repos\physically-based-rendering\renderer\ray.h(115,14): warning C4244: 'initializing': conversion from 'double' to 'float', possible loss of data
  (compiling source file 'main.cpp')
  
C:\Users\ufukt\source\repos\physically-based-rendering\renderer\ray.h(115,31): warning C4244: 'initializing': conversion from 'double' to 'float', possible loss of data
  (compiling source file 'main.cpp')
  
C:\Users\ufukt\source\repos\physically-based-rendering\renderer\ray.h(118,23): warning C4244: 'initializing': conversion from 'double' to 'float', possible loss of data
  (compiling source file 'main.cpp')
  
C:\Users\ufukt\source\repos\physically-based-rendering\renderer\ray.h(119,19): warning C4244: 'initializing': conversion from 'double' to 'float', possible loss of data
  (compiling source file 'main.cpp')
  
C:\Users\ufukt\source\repos\physically-based-rendering\renderer\ray.h(120,19): warning C4244: 'initializing': conversion from 'double' to 'float', possible loss of data
  (compiling source file 'main.cpp')
  
C:\Users\ufukt\source\repos\physically-based-rendering\renderer\shape.h(129,13): warning C4305: '=': truncation from 'double' to 'float'
  (compiling source file 'main.cpp')
  
C:\Users\ufukt\source\repos\physically-based-rendering\renderer\shape.h(139,13): warning C4305: '=': truncation from 'double' to 'float'
  (compiling source file 'main.cpp')
  
C:\Users\ufukt\source\repos\physically-based-rendering\renderer\shape.h(148,13): warning C4305: '=': truncation from 'double' to 'float'
  (compiling source file 'main.cpp')
  
C:\Users\ufukt\source\repos\physically-based-rendering\renderer\shape.h(160,14): warning C4244: 'initializing': conversion from 'double' to 'float', possible loss of data
  (compiling source file 'main.cpp')
  
C:\Users\ufukt\source\repos\physically-based-rendering\renderer\shape.h(161,14): warning C4244: 'initializing': conversion from 'double' to 'float', possible loss of data
  (compiling source file 'main.cpp')
  
C:\Users\ufukt\source\repos\physically-based-rendering\renderer\shape.h(162,14): warning C4244: 'initializing': conversion from 'double' to 'float', possible loss of data
  (compiling source file 'main.cpp')
  
C:\Users\ufukt\source\repos\physically-based-rendering\renderer\shape.h(168,12): warning C4244: '=': conversion from 'double' to 'float', possible loss of data
  (compiling source file 'main.cpp')
  
C:\Users\ufukt\source\repos\physically-based-rendering\renderer\shape.h(200,23): warning C4244: '=': conversion from 'double' to 'float', possible loss of data
  (compiling source file 'main.cpp')
  
C:\Users\ufukt\source\repos\physically-based-rendering\renderer\light.h(104,17): warning C4244: 'argument': conversion from 'double' to 'float', possible loss of data
  (compiling source file 'main.cpp')
  
C:\Users\ufukt\source\repos\physically-based-rendering\renderer\light.h(176,17): warning C4244: 'argument': conversion from 'double' to 'float', possible loss of data
  (compiling source file 'main.cpp')
  
C:\Users\ufukt\source\repos\physically-based-rendering\renderer\octree.h(70,56): warning C4244: '=': conversion from 'double' to 'float', possible loss of data
  (compiling source file 'main.cpp')
  
C:\Users\ufukt\source\repos\physically-based-rendering\renderer\octree.h(71,58): warning C4244: '=': conversion from 'double' to 'float', possible loss of data
  (compiling source file 'main.cpp')
  
C:\Users\ufukt\source\repos\physically-based-rendering\renderer\octree.h(73,57): warning C4244: '=': conversion from 'double' to 'float', possible loss of data
  (compiling source file 'main.cpp')
  
C:\Users\ufukt\source\repos\physically-based-rendering\renderer\octree.h(74,59): warning C4244: '=': conversion from 'double' to 'float', possible loss of data
  (compiling source file 'main.cpp')
  
C:\Users\ufukt\source\repos\physically-based-rendering\renderer\octree.h(80,57): warning C4244: '=': conversion from 'double' to 'float', possible loss of data
  (compiling source file 'main.cpp')
  
C:\Users\ufukt\source\repos\physically-based-rendering\renderer\octree.h(81,59): warning C4244: '=': conversion from 'double' to 'float', possible loss of data
  (compiling source file 'main.cpp')
  
C:\Users\ufukt\source\repos\physically-based-rendering\renderer\octree.h(114,27): warning C4018: '<': signed/unsigned mismatch
  (compiling source file 'main.cpp')
  
C:\Users\ufukt\source\repos\physically-based-rendering\renderer\kdtree.h(61,56): warning C4244: '=': conversion from 'double' to 'float', possible loss of data
  (compiling source file 'main.cpp')
  
C:\Users\ufukt\source\repos\physically-based-rendering\renderer\kdtree.h(62,58): warning C4244: '=': conversion from 'double' to 'float', possible loss of data
  (compiling source file 'main.cpp')
  
C:\Users\ufukt\source\repos\physically-based-rendering\renderer\kdtree.h(64,57): warning C4244: '=': conversion from 'double' to 'float', possible loss of data
  (compiling source file 'main.cpp')
  
C:\Users\ufukt\source\repos\physically-based-rendering\renderer\kdtree.h(65,59): warning C4244: '=': conversion from 'double' to 'float', possible loss of data
  (compiling source file 'main.cpp')
  
C:\Users\ufukt\source\repos\physically-based-rendering\renderer\kdtree.h(71,57): warning C4244: '=': conversion from 'double' to 'float', possible loss of data
  (compiling source file 'main.cpp')
  
C:\Users\ufukt\source\repos\physically-based-rendering\renderer\kdtree.h(72,59): warning C4244: '=': conversion from 'double' to 'float', possible loss of data
  (compiling source file 'main.cpp')
  
C:\Users\ufukt\source\repos\physically-based-rendering\renderer\primitive.h(122,19): warning C4018: '<': signed/unsigned mismatch
  (compiling source file 'main.cpp')
  
C:\Users\ufukt\source\repos\physically-based-rendering\user\main.cpp(254,16): warning C4018: '<': signed/unsigned mismatch
  Generating Code...
main.obj : warning LNK4075: ignoring '/EDITANDCONTINUE' due to '/SAFESEH' specification
  user.vcxproj -> C:\Users\ufukt\source\repos\physically-based-rendering\user\Debug\user.exe
